1616039682939	geckodriver	INFO	Listening on 127.0.0.1:55846
1616039686056	mozrunner::runner	INFO	Running command: "C:\\Program Files\\Mozilla Firefox\\firefox.exe" "--marionette" "-foreground" "-no-remote" "-profile" "C:\\Users\\kavib\\AppData\\Local\\Temp\\rust_mozprofileoP8g9i"
console.warn: SearchSettings: "get: No settings file exists, new profile?" (new Error("", "(unknown module)"))
1616039691506	Marionette	INFO	Listening on port 55854
JavaScript error: resource://activity-stream/lib/ASRouter.jsm, line 988: NS_ERROR_ILLEGAL_VALUE: Component returned failure code: 0x80070057 (NS_ERROR_ILLEGAL_VALUE) [nsIObserverService.removeObserver]
console.error: services.settings: 
  main/message-groups Signature failed  TypeError: NetworkError when attempting to fetch resource.
console.error: services.settings: 
  main/fxmonitor-breaches Signature failed  TypeError: NetworkError when attempting to fetch resource.
JavaScript error: , line 0: AbortError: A request was aborted, for example through a call to IDBTransaction.abort.
1616039692482	Marionette	INFO	Stopped listening on port 55854

###!!! [Child][RunMessage] Error: Channel closing: too late to send/recv, messages will be lost

[Parent 1540, IPC I/O Parent] WARNING: pipe error: 232: file /builds/worker/checkouts/gecko/ipc/chromium/src/chrome/common/ipc_channel_win.cc:545
1616039723074	geckodriver	INFO	Listening on 127.0.0.1:55921
1616039726187	mozrunner::runner	INFO	Running command: "C:\\Program Files\\Mozilla Firefox\\firefox.exe" "--marionette" "-foreground" "-no-remote" "-profile" "C:\\Users\\kavib\\AppData\\Local\\Temp\\rust_mozprofilepuillr"
console.warn: SearchSettings: "get: No settings file exists, new profile?" (new Error("", "(unknown module)"))
1616039730994	Marionette	INFO	Listening on port 55929
1616039731471	Marionette	WARN	TLS certificate errors will be ignored for this session
1616039738194	Marionette	INFO	Stopped listening on port 55929

###!!! [Child][RunMessage] Error: Channel closing: too late to send/recv, messages will be lost

1616052830148	geckodriver	INFO	Listening on 127.0.0.1:50207
1616052833319	mozrunner::runner	INFO	Running command: "C:\\Program Files\\Mozilla Firefox\\firefox.exe" "--marionette" "-foreground" "-no-remote" "-profile" "C:\\Users\\kavib\\AppData\\Local\\Temp\\rust_mozprofileVWMPOe"
console.warn: SearchSettings: "get: No settings file exists, new profile?" (new Error("", "(unknown module)"))
1616052838334	Marionette	INFO	Listening on port 50215
1616052838714	Marionette	WARN	TLS certificate errors will be ignored for this session
1616052845182	Marionette	INFO	Stopped listening on port 50215

###!!! [Child][RunMessage] Error: Channel closing: too late to send/recv, messages will be lost

1616309756814	geckodriver	INFO	Listening on 127.0.0.1:52267
1616309759905	mozrunner::runner	INFO	Running command: "C:\\Program Files\\Mozilla Firefox\\firefox.exe" "--marionette" "-foreground" "-no-remote" "-profile" "C:\\Users\\kavib\\AppData\\Local\\Temp\\rust_mozprofileTGl1Lw"
console.warn: SearchSettings: "get: No settings file exists, new profile?" (new Error("", "(unknown module)"))
1616309765018	Marionette	INFO	Listening on port 52275
1616309765201	Marionette	WARN	TLS certificate errors will be ignored for this session
1616309771668	Marionette	INFO	Stopped listening on port 52275

###!!! [Child][RunMessage] Error: Channel closing: too late to send/recv, messages will be lost

[Parent 1704, IPC I/O Parent] WARNING: pipe error: 232: file /builds/worker/checkouts/gecko/ipc/chromium/src/chrome/common/ipc_channel_win.cc:545
1616315139334	geckodriver	INFO	Listening on 127.0.0.1:53732
1616315142410	mozrunner::runner	INFO	Running command: "C:\\Program Files\\Mozilla Firefox\\firefox.exe" "--marionette" "-foreground" "-no-remote" "-profile" "C:\\Users\\kavib\\AppData\\Local\\Temp\\rust_mozprofilee85KAw"
console.warn: SearchSettings: "get: No settings file exists, new profile?" (new Error("", "(unknown module)"))
1616315146571	Marionette	INFO	Listening on port 53740
1616315146686	Marionette	WARN	TLS certificate errors will be ignored for this session
1616315154275	Marionette	INFO	Stopped listening on port 53740
1616325635901	geckodriver	INFO	Listening on 127.0.0.1:55229
1616325639182	mozrunner::runner	INFO	Running command: "C:\\Program Files\\Mozilla Firefox\\firefox.exe" "--marionette" "-foreground" "-no-remote" "-profile" "C:\\Users\\kavib\\AppData\\Local\\Temp\\rust_mozprofilevyYI7v"
console.warn: SearchSettings: "get: No settings file exists, new profile?" (new Error("", "(unknown module)"))
1616325655625	Marionette	INFO	Listening on port 55239
1616325655996	Marionette	WARN	TLS certificate errors will be ignored for this session
1616325666733	Marionette	INFO	Stopped listening on port 55239

###!!! [Child][RunMessage] Error: Channel closing: too late to send/recv, messages will be lost

[Parent 3716, IPC I/O Parent] WARNING: pipe error: 232: file /builds/worker/checkouts/gecko/ipc/chromium/src/chrome/common/ipc_channel_win.cc:545
1616563867890	geckodriver	INFO	Listening on 127.0.0.1:50770
1616563870980	mozrunner::runner	INFO	Running command: "C:\\Program Files\\Mozilla Firefox\\firefox.exe" "--marionette" "-foreground" "-no-remote" "-profile" "C:\\Users\\kavib\\AppData\\Local\\Temp\\rust_mozprofileAcorcz"
console.warn: SearchSettings: "get: No settings file exists, new profile?" (new Error("", "(unknown module)"))
1616563877110	Marionette	INFO	Listening on port 50780
1616563877301	Marionette	WARN	TLS certificate errors will be ignored for this session
1616563882150	Marionette	INFO	Stopped listening on port 50780
1616564111035	geckodriver	INFO	Listening on 127.0.0.1:50934
1616564114107	mozrunner::runner	INFO	Running command: "C:\\Program Files\\Mozilla Firefox\\firefox.exe" "--marionette" "-foreground" "-no-remote" "-profile" "C:\\Users\\kavib\\AppData\\Local\\Temp\\rust_mozprofilemVNTH1"
console.warn: SearchSettings: "get: No settings file exists, new profile?" (new Error("", "(unknown module)"))
1616564119437	Marionette	INFO	Listening on port 50945
1616564119890	Marionette	WARN	TLS certificate errors will be ignored for this session
1616564125675	Marionette	INFO	Stopped listening on port 50945

###!!! [Child][RunMessage] Error: Channel closing: too late to send/recv, messages will be lost

[Parent 5944, IPC I/O Parent] WARNING: pipe error: 232: file /builds/worker/checkouts/gecko/ipc/chromium/src/chrome/common/ipc_channel_win.cc:545
1616564209678	geckodriver	INFO	Listening on 127.0.0.1:51058
1616564212746	mozrunner::runner	INFO	Running command: "C:\\Program Files\\Mozilla Firefox\\firefox.exe" "--marionette" "-foreground" "-no-remote" "-profile" "C:\\Users\\kavib\\AppData\\Local\\Temp\\rust_mozprofileqr1ovN"
console.warn: SearchSettings: "get: No settings file exists, new profile?" (new Error("", "(unknown module)"))
1616564218677	Marionette	INFO	Listening on port 51070
1616564219020	Marionette	WARN	TLS certificate errors will be ignored for this session
1616564792438	Marionette	INFO	Stopped listening on port 51070

###!!! [Child][RunMessage] Error: Channel closing: too late to send/recv, messages will be lost

1616571601083	geckodriver	INFO	Listening on 127.0.0.1:54765
1616571604238	mozrunner::runner	INFO	Running command: "C:\\Program Files\\Mozilla Firefox\\firefox.exe" "--marionette" "-foreground" "-no-remote" "-profile" "C:\\Users\\kavib\\AppData\\Local\\Temp\\rust_mozprofileJMafqU"
console.warn: SearchSettings: "get: No settings file exists, new profile?" (new Error("", "(unknown module)"))
1616571614979	Marionette	INFO	Listening on port 54774
1616571615265	Marionette	WARN	TLS certificate errors will be ignored for this session
1616571624555	Marionette	INFO	Stopped listening on port 54774

###!!! [Child][RunMessage] Error: Channel closing: too late to send/recv, messages will be lost

1616571758131	geckodriver	INFO	Listening on 127.0.0.1:54994
1616571761214	mozrunner::runner	INFO	Running command: "C:\\Program Files\\Mozilla Firefox\\firefox.exe" "--marionette" "-foreground" "-no-remote" "-profile" "C:\\Users\\kavib\\AppData\\Local\\Temp\\rust_mozprofilexUhAdG"
console.warn: SearchSettings: "get: No settings file exists, new profile?" (new Error("", "(unknown module)"))
1616571769267	Marionette	INFO	Listening on port 55003
1616571769547	Marionette	WARN	TLS certificate errors will be ignored for this session
1616571777740	Marionette	INFO	Stopped listening on port 55003

###!!! [Child][RunMessage] Error: Channel closing: too late to send/recv, messages will be lost

1616571926329	geckodriver	INFO	Listening on 127.0.0.1:55138
1616571929397	mozrunner::runner	INFO	Running command: "C:\\Program Files\\Mozilla Firefox\\firefox.exe" "--marionette" "-foreground" "-no-remote" "-profile" "C:\\Users\\kavib\\AppData\\Local\\Temp\\rust_mozprofilerGBmUl"
console.warn: SearchSettings: "get: No settings file exists, new profile?" (new Error("", "(unknown module)"))
1616571935390	Marionette	INFO	Listening on port 55148
1616571935751	Marionette	WARN	TLS certificate errors will be ignored for this session
1616571950569	Marionette	INFO	Stopped listening on port 55148

###!!! [Child][RunMessage] Error: Channel closing: too late to send/recv, messages will be lost

1616571953502	geckodriver	INFO	Listening on 127.0.0.1:55207
1616571956576	mozrunner::runner	INFO	Running command: "C:\\Program Files\\Mozilla Firefox\\firefox.exe" "--marionette" "-foreground" "-no-remote" "-profile" "C:\\Users\\kavib\\AppData\\Local\\Temp\\rust_mozprofileFnV09W"
console.warn: SearchSettings: "get: No settings file exists, new profile?" (new Error("", "(unknown module)"))
1616571965962	Marionette	INFO	Listening on port 55216
1616571966353	Marionette	WARN	TLS certificate errors will be ignored for this session
1616571974580	Marionette	INFO	Stopped listening on port 55216

###!!! [Child][RunMessage] Error: Channel closing: too late to send/recv, messages will be lost

[Parent 10956, IPC I/O Parent] WARNING: pipe error: 232: file /builds/worker/checkouts/gecko/ipc/chromium/src/chrome/common/ipc_channel_win.cc:545
1616581217588	geckodriver	INFO	Listening on 127.0.0.1:58075
1616581220791	mozrunner::runner	INFO	Running command: "C:\\Program Files\\Mozilla Firefox\\firefox.exe" "--marionette" "-foreground" "-no-remote" "-profile" "C:\\Users\\kavib\\AppData\\Local\\Temp\\rust_mozprofiletULS4V"
console.warn: SearchSettings: "get: No settings file exists, new profile?" (new Error("", "(unknown module)"))
1616581232092	Marionette	INFO	Listening on port 58083
1616581232534	Marionette	WARN	TLS certificate errors will be ignored for this session
1616581248327	Marionette	INFO	Stopped listening on port 58083

###!!! [Child][RunMessage] Error: Channel closing: too late to send/recv, messages will be lost

1616581543245	geckodriver	INFO	Listening on 127.0.0.1:58905
1616581546432	mozrunner::runner	INFO	Running command: "C:\\Program Files\\Mozilla Firefox\\firefox.exe" "--marionette" "-foreground" "-no-remote" "-profile" "C:\\Users\\kavib\\AppData\\Local\\Temp\\rust_mozprofilebCV5Ty"
console.warn: SearchSettings: "get: No settings file exists, new profile?" (new Error("", "(unknown module)"))
1616581558323	Marionette	INFO	Listening on port 58913
1616581558630	Marionette	WARN	TLS certificate errors will be ignored for this session
1616581572517	Marionette	INFO	Stopped listening on port 58913

###!!! [Child][RunMessage] Error: Channel closing: too late to send/recv, messages will be lost

1616582612429	geckodriver	INFO	Listening on 127.0.0.1:59464
1616582615524	mozrunner::runner	INFO	Running command: "C:\\Program Files\\Mozilla Firefox\\firefox.exe" "--marionette" "-foreground" "-no-remote" "-profile" "C:\\Users\\kavib\\AppData\\Local\\Temp\\rust_mozprofileoC1tD9"
console.warn: SearchSettings: "get: No settings file exists, new profile?" (new Error("", "(unknown module)"))
1616582622748	Marionette	INFO	Listening on port 59472
1616582623171	Marionette	WARN	TLS certificate errors will be ignored for this session
1616582635021	Marionette	INFO	Stopped listening on port 59472
1616583946335	geckodriver	INFO	Listening on 127.0.0.1:60031
1616583949448	mozrunner::runner	INFO	Running command: "C:\\Program Files\\Mozilla Firefox\\firefox.exe" "--marionette" "-foreground" "-no-remote" "-profile" "C:\\Users\\kavib\\AppData\\Local\\Temp\\rust_mozprofileffevyZ"
console.warn: SearchSettings: "get: No settings file exists, new profile?" (new Error("", "(unknown module)"))
1616583954303	Marionette	INFO	Listening on port 60039
1616583954706	Marionette	WARN	TLS certificate errors will be ignored for this session
JavaScript error: https://images-eu.ssl-images-amazon.com/images/I/11Y+5x+kkTL._RC|51IWYO5M+zL.js,112nmCqUymL.js,11giXtZCwVL.js,01+z+uIeJ-L.js,014NohEdE7L.js,21NNXfMitSL.js,11GXfd3+z+L.js,51gm4oPD2cL.js,11AHlQhPRjL.js,11UNQpqeowL.js,11OREnu1epL.js,11KbZymw5ZL.js,21r53SJg7LL.js,0190vxtlzcL.js,51bbIMIQQwL.js,31KrK+dcMcL.js,01Gf12ogmOL.js,01ezj5Rkz1L.js,11VS-C+YWGL.js,31pOTH2ZMRL.js,01rpauTep4L.js,01zbcJxtbAL.js_.js?AUIClients/AmazonUI&Dj66etiu#page_type-Gateway.319488-T1.309035-T1, line 150: SyntaxError: FontFaceSet.load: Invalid font shorthand
JavaScript error: https://images-eu.ssl-images-amazon.com/images/I/11Y+5x+kkTL._RC|51IWYO5M+zL.js,112nmCqUymL.js,11giXtZCwVL.js,01+z+uIeJ-L.js,014NohEdE7L.js,21NNXfMitSL.js,11GXfd3+z+L.js,51gm4oPD2cL.js,11AHlQhPRjL.js,11UNQpqeowL.js,11OREnu1epL.js,11KbZymw5ZL.js,21r53SJg7LL.js,0190vxtlzcL.js,51bbIMIQQwL.js,31KrK+dcMcL.js,01Gf12ogmOL.js,01ezj5Rkz1L.js,11VS-C+YWGL.js,31pOTH2ZMRL.js,01rpauTep4L.js,01zbcJxtbAL.js_.js?AUIClients/AmazonUI&Dj66etiu#page_type-Gateway.319488-T1.309035-T1, line 150: SyntaxError: FontFaceSet.load: Invalid font shorthand
JavaScript error: https://images-eu.ssl-images-amazon.com/images/I/11Y+5x+kkTL._RC|51IWYO5M+zL.js,112nmCqUymL.js,11giXtZCwVL.js,01+z+uIeJ-L.js,014NohEdE7L.js,21NNXfMitSL.js,11GXfd3+z+L.js,51gm4oPD2cL.js,11AHlQhPRjL.js,11UNQpqeowL.js,11OREnu1epL.js,11KbZymw5ZL.js,21r53SJg7LL.js,0190vxtlzcL.js,51bbIMIQQwL.js,31KrK+dcMcL.js,01Gf12ogmOL.js,01ezj5Rkz1L.js,11VS-C+YWGL.js,31pOTH2ZMRL.js,01rpauTep4L.js,01zbcJxtbAL.js_.js?AUIClients/AmazonUI&Dj66etiu#page_type-Gateway.319488-T1.309035-T1, line 150: SyntaxError: FontFaceSet.load: Invalid font shorthand
JavaScript error: https://images-eu.ssl-images-amazon.com/images/I/11Y+5x+kkTL._RC|51IWYO5M+zL.js,112nmCqUymL.js,11giXtZCwVL.js,01+z+uIeJ-L.js,014NohEdE7L.js,21NNXfMitSL.js,11GXfd3+z+L.js,51gm4oPD2cL.js,11AHlQhPRjL.js,11UNQpqeowL.js,11OREnu1epL.js,11KbZymw5ZL.js,21r53SJg7LL.js,0190vxtlzcL.js,51bbIMIQQwL.js,31KrK+dcMcL.js,01Gf12ogmOL.js,01ezj5Rkz1L.js,11VS-C+YWGL.js,31pOTH2ZMRL.js,01rpauTep4L.js,01zbcJxtbAL.js_.js?AUIClients/AmazonUI&Dj66etiu#page_type-Gateway.319488-T1.309035-T1, line 150: SyntaxError: FontFaceSet.load: Invalid font shorthand
[GFX1-]: WMF VPX decoder just crashed; hardware video will be disabled.
1616583977993	Marionette	INFO	Stopped listening on port 60039

###!!! [Child][RunMessage] Error: Channel closing: too late to send/recv, messages will be lost

1616585892592	geckodriver	INFO	Listening on 127.0.0.1:60249
1616585895669	mozrunner::runner	INFO	Running command: "C:\\Program Files\\Mozilla Firefox\\firefox.exe" "--marionette" "-foreground" "-no-remote" "-profile" "C:\\Users\\kavib\\AppData\\Local\\Temp\\rust_mozprofile29dPHB"
console.warn: SearchSettings: "get: No settings file exists, new profile?" (new Error("", "(unknown module)"))
1616585899451	Marionette	INFO	Listening on port 60257
1616585899847	Marionette	WARN	TLS certificate errors will be ignored for this session
JavaScript error: https://images-eu.ssl-images-amazon.com/images/I/11Y+5x+kkTL._RC|51IWYO5M+zL.js,112nmCqUymL.js,11giXtZCwVL.js,01+z+uIeJ-L.js,014NohEdE7L.js,21NNXfMitSL.js,11GXfd3+z+L.js,11AHlQhPRjL.js,11UNQpqeowL.js,11OREnu1epL.js,11KbZymw5ZL.js,21r53SJg7LL.js,0190vxtlzcL.js,01ezj5Rkz1L.js,11VS-C+YWGL.js,31pOTH2ZMRL.js,01rpauTep4L.js,01zbcJxtbAL.js_.js?AUIClients/AmazonUI&tbOQM7bq#page_type-Gateway.309035-T1, line 150: SyntaxError: FontFaceSet.load: Invalid font shorthand
JavaScript error: https://images-eu.ssl-images-amazon.com/images/I/11Y+5x+kkTL._RC|51IWYO5M+zL.js,112nmCqUymL.js,11giXtZCwVL.js,01+z+uIeJ-L.js,014NohEdE7L.js,21NNXfMitSL.js,11GXfd3+z+L.js,11AHlQhPRjL.js,11UNQpqeowL.js,11OREnu1epL.js,11KbZymw5ZL.js,21r53SJg7LL.js,0190vxtlzcL.js,01ezj5Rkz1L.js,11VS-C+YWGL.js,31pOTH2ZMRL.js,01rpauTep4L.js,01zbcJxtbAL.js_.js?AUIClients/AmazonUI&tbOQM7bq#page_type-Gateway.309035-T1, line 150: SyntaxError: FontFaceSet.load: Invalid font shorthand
JavaScript error: https://images-eu.ssl-images-amazon.com/images/I/11Y+5x+kkTL._RC|51IWYO5M+zL.js,112nmCqUymL.js,11giXtZCwVL.js,01+z+uIeJ-L.js,014NohEdE7L.js,21NNXfMitSL.js,11GXfd3+z+L.js,11AHlQhPRjL.js,11UNQpqeowL.js,11OREnu1epL.js,11KbZymw5ZL.js,21r53SJg7LL.js,0190vxtlzcL.js,01ezj5Rkz1L.js,11VS-C+YWGL.js,31pOTH2ZMRL.js,01rpauTep4L.js,01zbcJxtbAL.js_.js?AUIClients/AmazonUI&tbOQM7bq#page_type-Gateway.309035-T1, line 150: SyntaxError: FontFaceSet.load: Invalid font shorthand
JavaScript error: https://images-eu.ssl-images-amazon.com/images/I/11Y+5x+kkTL._RC|51IWYO5M+zL.js,112nmCqUymL.js,11giXtZCwVL.js,01+z+uIeJ-L.js,014NohEdE7L.js,21NNXfMitSL.js,11GXfd3+z+L.js,11AHlQhPRjL.js,11UNQpqeowL.js,11OREnu1epL.js,11KbZymw5ZL.js,21r53SJg7LL.js,0190vxtlzcL.js,01ezj5Rkz1L.js,11VS-C+YWGL.js,31pOTH2ZMRL.js,01rpauTep4L.js,01zbcJxtbAL.js_.js?AUIClients/AmazonUI&tbOQM7bq#page_type-Gateway.309035-T1, line 150: SyntaxError: FontFaceSet.load: Invalid font shorthand
1616586022169	Marionette	INFO	Stopped listening on port 60257
1616586332276	geckodriver	INFO	Listening on 127.0.0.1:60550
1616586335385	mozrunner::runner	INFO	Running command: "C:\\Program Files\\Mozilla Firefox\\firefox.exe" "--marionette" "-foreground" "-no-remote" "-profile" "C:\\Users\\kavib\\AppData\\Local\\Temp\\rust_mozprofileIQzCLc"
console.warn: SearchSettings: "get: No settings file exists, new profile?" (new Error("", "(unknown module)"))
1616586339937	Marionette	INFO	Listening on port 60558
1616586340280	Marionette	WARN	TLS certificate errors will be ignored for this session
JavaScript error: https://images-eu.ssl-images-amazon.com/images/I/11Y+5x+kkTL._RC|51IWYO5M+zL.js,112nmCqUymL.js,11giXtZCwVL.js,01+z+uIeJ-L.js,014NohEdE7L.js,21NNXfMitSL.js,11GXfd3+z+L.js,51gm4oPD2cL.js,11AHlQhPRjL.js,11UNQpqeowL.js,11OREnu1epL.js,11KbZymw5ZL.js,21r53SJg7LL.js,0190vxtlzcL.js,51bbIMIQQwL.js,31KrK+dcMcL.js,01Gf12ogmOL.js,01ezj5Rkz1L.js,11VS-C+YWGL.js,31pOTH2ZMRL.js,01rpauTep4L.js,01zbcJxtbAL.js_.js?AUIClients/AmazonUI&Dj66etiu#page_type-Gateway.319488-T1.309035-T1, line 150: SyntaxError: FontFaceSet.load: Invalid font shorthand
JavaScript error: https://images-eu.ssl-images-amazon.com/images/I/11Y+5x+kkTL._RC|51IWYO5M+zL.js,112nmCqUymL.js,11giXtZCwVL.js,01+z+uIeJ-L.js,014NohEdE7L.js,21NNXfMitSL.js,11GXfd3+z+L.js,51gm4oPD2cL.js,11AHlQhPRjL.js,11UNQpqeowL.js,11OREnu1epL.js,11KbZymw5ZL.js,21r53SJg7LL.js,0190vxtlzcL.js,51bbIMIQQwL.js,31KrK+dcMcL.js,01Gf12ogmOL.js,01ezj5Rkz1L.js,11VS-C+YWGL.js,31pOTH2ZMRL.js,01rpauTep4L.js,01zbcJxtbAL.js_.js?AUIClients/AmazonUI&Dj66etiu#page_type-Gateway.319488-T1.309035-T1, line 150: SyntaxError: FontFaceSet.load: Invalid font shorthand
JavaScript error: https://images-eu.ssl-images-amazon.com/images/I/11Y+5x+kkTL._RC|51IWYO5M+zL.js,112nmCqUymL.js,11giXtZCwVL.js,01+z+uIeJ-L.js,014NohEdE7L.js,21NNXfMitSL.js,11GXfd3+z+L.js,51gm4oPD2cL.js,11AHlQhPRjL.js,11UNQpqeowL.js,11OREnu1epL.js,11KbZymw5ZL.js,21r53SJg7LL.js,0190vxtlzcL.js,51bbIMIQQwL.js,31KrK+dcMcL.js,01Gf12ogmOL.js,01ezj5Rkz1L.js,11VS-C+YWGL.js,31pOTH2ZMRL.js,01rpauTep4L.js,01zbcJxtbAL.js_.js?AUIClients/AmazonUI&Dj66etiu#page_type-Gateway.319488-T1.309035-T1, line 150: SyntaxError: FontFaceSet.load: Invalid font shorthand
JavaScript error: https://images-eu.ssl-images-amazon.com/images/I/11Y+5x+kkTL._RC|51IWYO5M+zL.js,112nmCqUymL.js,11giXtZCwVL.js,01+z+uIeJ-L.js,014NohEdE7L.js,21NNXfMitSL.js,11GXfd3+z+L.js,51gm4oPD2cL.js,11AHlQhPRjL.js,11UNQpqeowL.js,11OREnu1epL.js,11KbZymw5ZL.js,21r53SJg7LL.js,0190vxtlzcL.js,51bbIMIQQwL.js,31KrK+dcMcL.js,01Gf12ogmOL.js,01ezj5Rkz1L.js,11VS-C+YWGL.js,31pOTH2ZMRL.js,01rpauTep4L.js,01zbcJxtbAL.js_.js?AUIClients/AmazonUI&Dj66etiu#page_type-Gateway.319488-T1.309035-T1, line 150: SyntaxError: FontFaceSet.load: Invalid font shorthand
1616586351844	Marionette	INFO	Stopped listening on port 60558

###!!! [Child][RunMessage] Error: Channel closing: too late to send/recv, messages will be lost

1616586585525	geckodriver	INFO	Listening on 127.0.0.1:61056
1616586588603	mozrunner::runner	INFO	Running command: "C:\\Program Files\\Mozilla Firefox\\firefox.exe" "--marionette" "-foreground" "-no-remote" "-profile" "C:\\Users\\kavib\\AppData\\Local\\Temp\\rust_mozprofilepmnjGm"
console.warn: SearchSettings: "get: No settings file exists, new profile?" (new Error("", "(unknown module)"))
1616586592255	Marionette	INFO	Listening on port 61064
1616586592353	Marionette	WARN	TLS certificate errors will be ignored for this session
JavaScript error: https://images-eu.ssl-images-amazon.com/images/I/11Y+5x+kkTL._RC|51IWYO5M+zL.js,112nmCqUymL.js,11giXtZCwVL.js,01+z+uIeJ-L.js,014NohEdE7L.js,21NNXfMitSL.js,11GXfd3+z+L.js,51gm4oPD2cL.js,11AHlQhPRjL.js,11UNQpqeowL.js,11OREnu1epL.js,11KbZymw5ZL.js,21r53SJg7LL.js,0190vxtlzcL.js,51bbIMIQQwL.js,31KrK+dcMcL.js,01Gf12ogmOL.js,01ezj5Rkz1L.js,11VS-C+YWGL.js,31pOTH2ZMRL.js,01rpauTep4L.js,01zbcJxtbAL.js_.js?AUIClients/AmazonUI&Dj66etiu#page_type-Gateway.319488-T1.309035-T1, line 150: SyntaxError: FontFaceSet.load: Invalid font shorthand
JavaScript error: https://images-eu.ssl-images-amazon.com/images/I/11Y+5x+kkTL._RC|51IWYO5M+zL.js,112nmCqUymL.js,11giXtZCwVL.js,01+z+uIeJ-L.js,014NohEdE7L.js,21NNXfMitSL.js,11GXfd3+z+L.js,51gm4oPD2cL.js,11AHlQhPRjL.js,11UNQpqeowL.js,11OREnu1epL.js,11KbZymw5ZL.js,21r53SJg7LL.js,0190vxtlzcL.js,51bbIMIQQwL.js,31KrK+dcMcL.js,01Gf12ogmOL.js,01ezj5Rkz1L.js,11VS-C+YWGL.js,31pOTH2ZMRL.js,01rpauTep4L.js,01zbcJxtbAL.js_.js?AUIClients/AmazonUI&Dj66etiu#page_type-Gateway.319488-T1.309035-T1, line 150: SyntaxError: FontFaceSet.load: Invalid font shorthand
JavaScript error: https://images-eu.ssl-images-amazon.com/images/I/11Y+5x+kkTL._RC|51IWYO5M+zL.js,112nmCqUymL.js,11giXtZCwVL.js,01+z+uIeJ-L.js,014NohEdE7L.js,21NNXfMitSL.js,11GXfd3+z+L.js,51gm4oPD2cL.js,11AHlQhPRjL.js,11UNQpqeowL.js,11OREnu1epL.js,11KbZymw5ZL.js,21r53SJg7LL.js,0190vxtlzcL.js,51bbIMIQQwL.js,31KrK+dcMcL.js,01Gf12ogmOL.js,01ezj5Rkz1L.js,11VS-C+YWGL.js,31pOTH2ZMRL.js,01rpauTep4L.js,01zbcJxtbAL.js_.js?AUIClients/AmazonUI&Dj66etiu#page_type-Gateway.319488-T1.309035-T1, line 150: SyntaxError: FontFaceSet.load: Invalid font shorthand
JavaScript error: https://images-eu.ssl-images-amazon.com/images/I/11Y+5x+kkTL._RC|51IWYO5M+zL.js,112nmCqUymL.js,11giXtZCwVL.js,01+z+uIeJ-L.js,014NohEdE7L.js,21NNXfMitSL.js,11GXfd3+z+L.js,51gm4oPD2cL.js,11AHlQhPRjL.js,11UNQpqeowL.js,11OREnu1epL.js,11KbZymw5ZL.js,21r53SJg7LL.js,0190vxtlzcL.js,51bbIMIQQwL.js,31KrK+dcMcL.js,01Gf12ogmOL.js,01ezj5Rkz1L.js,11VS-C+YWGL.js,31pOTH2ZMRL.js,01rpauTep4L.js,01zbcJxtbAL.js_.js?AUIClients/AmazonUI&Dj66etiu#page_type-Gateway.319488-T1.309035-T1, line 150: SyntaxError: FontFaceSet.load: Invalid font shorthand
1616586614375	Marionette	INFO	Stopped listening on port 61064

###!!! [Child][RunMessage] Error: Channel closing: too late to send/recv, messages will be lost

1616587808274	geckodriver	INFO	Listening on 127.0.0.1:61577
1616587811352	mozrunner::runner	INFO	Running command: "C:\\Program Files\\Mozilla Firefox\\firefox.exe" "--marionette" "-foreground" "-no-remote" "-profile" "C:\\Users\\kavib\\AppData\\Local\\Temp\\rust_mozprofileADzqqW"
console.warn: SearchSettings: "get: No settings file exists, new profile?" (new Error("", "(unknown module)"))
1616587815223	Marionette	INFO	Listening on port 61585
1616587815598	Marionette	WARN	TLS certificate errors will be ignored for this session
1616587828417	Marionette	INFO	Stopped listening on port 61585

###!!! [Child][RunMessage] Error: Channel closing: too late to send/recv, messages will be lost

1616666359800	geckodriver	INFO	Listening on 127.0.0.1:51265
1616666362911	mozrunner::runner	INFO	Running command: "C:\\Program Files\\Mozilla Firefox\\firefox.exe" "--marionette" "-foreground" "-no-remote" "-profile" "C:\\Users\\kavib\\AppData\\Local\\Temp\\rust_mozprofileTt2jAW"
console.warn: SearchSettings: "get: No settings file exists, new profile?" (new Error("", "(unknown module)"))
1616666371117	Marionette	INFO	Listening on port 51273
1616666371536	Marionette	WARN	TLS certificate errors will be ignored for this session
1616666387127	Marionette	INFO	Stopped listening on port 51273

###!!! [Child][RunMessage] Error: Channel closing: too late to send/recv, messages will be lost


###!!! [Child][RunMessage] Error: Channel closing: too late to send/recv, messages will be lost

1617005107880	geckodriver	INFO	Listening on 127.0.0.1:54214
1617005110987	mozrunner::runner	INFO	Running command: "C:\\Program Files\\Mozilla Firefox\\firefox.exe" "--marionette" "-foreground" "-no-remote" "-profile" "C:\\Users\\kavib\\AppData\\Local\\Temp\\rust_mozprofileFyPbVN"
console.warn: SearchSettings: "get: No settings file exists, new profile?" (new Error("", "(unknown module)"))
1617005117088	Marionette	INFO	Listening on port 54222
1617005117307	Marionette	WARN	TLS certificate errors will be ignored for this session
JavaScript error: https://images-eu.ssl-images-amazon.com/images/I/11Y+5x+kkTL._RC|51IWYO5M+zL.js,112nmCqUymL.js,11giXtZCwVL.js,01+z+uIeJ-L.js,014NohEdE7L.js,21NNXfMitSL.js,11GXfd3+z+L.js,51gm4oPD2cL.js,11AHlQhPRjL.js,11UNQpqeowL.js,11OREnu1epL.js,11KbZymw5ZL.js,21r53SJg7LL.js,0190vxtlzcL.js,51bbIMIQQwL.js,31KrK+dcMcL.js,01Gf12ogmOL.js,01ezj5Rkz1L.js,11VS-C+YWGL.js,31pOTH2ZMRL.js,01rpauTep4L.js,01zbcJxtbAL.js_.js?AUIClients/AmazonUI&tbOQM7bq#page_type-Gateway.309035-T1, line 150: SyntaxError: FontFaceSet.load: Invalid font shorthand
JavaScript error: https://images-eu.ssl-images-amazon.com/images/I/11Y+5x+kkTL._RC|51IWYO5M+zL.js,112nmCqUymL.js,11giXtZCwVL.js,01+z+uIeJ-L.js,014NohEdE7L.js,21NNXfMitSL.js,11GXfd3+z+L.js,51gm4oPD2cL.js,11AHlQhPRjL.js,11UNQpqeowL.js,11OREnu1epL.js,11KbZymw5ZL.js,21r53SJg7LL.js,0190vxtlzcL.js,51bbIMIQQwL.js,31KrK+dcMcL.js,01Gf12ogmOL.js,01ezj5Rkz1L.js,11VS-C+YWGL.js,31pOTH2ZMRL.js,01rpauTep4L.js,01zbcJxtbAL.js_.js?AUIClients/AmazonUI&tbOQM7bq#page_type-Gateway.309035-T1, line 150: SyntaxError: FontFaceSet.load: Invalid font shorthand
JavaScript error: https://images-eu.ssl-images-amazon.com/images/I/11Y+5x+kkTL._RC|51IWYO5M+zL.js,112nmCqUymL.js,11giXtZCwVL.js,01+z+uIeJ-L.js,014NohEdE7L.js,21NNXfMitSL.js,11GXfd3+z+L.js,51gm4oPD2cL.js,11AHlQhPRjL.js,11UNQpqeowL.js,11OREnu1epL.js,11KbZymw5ZL.js,21r53SJg7LL.js,0190vxtlzcL.js,51bbIMIQQwL.js,31KrK+dcMcL.js,01Gf12ogmOL.js,01ezj5Rkz1L.js,11VS-C+YWGL.js,31pOTH2ZMRL.js,01rpauTep4L.js,01zbcJxtbAL.js_.js?AUIClients/AmazonUI&tbOQM7bq#page_type-Gateway.309035-T1, line 150: SyntaxError: FontFaceSet.load: Invalid font shorthand
JavaScript error: https://images-eu.ssl-images-amazon.com/images/I/11Y+5x+kkTL._RC|51IWYO5M+zL.js,112nmCqUymL.js,11giXtZCwVL.js,01+z+uIeJ-L.js,014NohEdE7L.js,21NNXfMitSL.js,11GXfd3+z+L.js,51gm4oPD2cL.js,11AHlQhPRjL.js,11UNQpqeowL.js,11OREnu1epL.js,11KbZymw5ZL.js,21r53SJg7LL.js,0190vxtlzcL.js,51bbIMIQQwL.js,31KrK+dcMcL.js,01Gf12ogmOL.js,01ezj5Rkz1L.js,11VS-C+YWGL.js,31pOTH2ZMRL.js,01rpauTep4L.js,01zbcJxtbAL.js_.js?AUIClients/AmazonUI&tbOQM7bq#page_type-Gateway.309035-T1, line 150: SyntaxError: FontFaceSet.load: Invalid font shorthand
1617005138827	Marionette	INFO	Stopped listening on port 54222

###!!! [Child][RunMessage] Error: Channel closing: too late to send/recv, messages will be lost


###!!! [Child][RunMessage] Error: Channel closing: too late to send/recv, messages will be lost


###!!! [Child][RunMessage] Error: Channel closing: too late to send/recv, messages will be lost


###!!! [Child][RunMessage] Error: Channel closing: too late to send/recv, messages will be lost

1617005201910	geckodriver	INFO	Listening on 127.0.0.1:54450
1617005204984	mozrunner::runner	INFO	Running command: "C:\\Program Files\\Mozilla Firefox\\firefox.exe" "--marionette" "-foreground" "-no-remote" "-profile" "C:\\Users\\kavib\\AppData\\Local\\Temp\\rust_mozprofilem4YVq5"
console.warn: SearchSettings: "get: No settings file exists, new profile?" (new Error("", "(unknown module)"))
1617005211425	Marionette	INFO	Listening on port 54458
1617005211884	Marionette	WARN	TLS certificate errors will be ignored for this session
1617005224465	Marionette	INFO	Stopped listening on port 54458

###!!! [Child][RunMessage] Error: Channel closing: too late to send/recv, messages will be lost

